This is XeTeX, Version 3.14159265-2.6-0.999992 (TeX Live 2020/W32TeX) (preloaded format=xelatex 2020.4.24)  6 MAY 2023 18:01
entering extended mode
 restricted \write18 enabled.
 %&-line parsing enabled.
**example.tex
(./example.tex
LaTeX2e <2020-02-02> patch level 5
L3 programming layer <2020-03-06> (./cumcmthesis.cls
Document Class: cumcmthesis 2017/09/16 v2.6 Standard LaTeX Template for CUMCM
(c:/texlive/2020/texmf-dist/tex/latex/base/article.cls
Document Class: article 2019/12/20 v1.4l Standard LaTeX document class
(c:/texlive/2020/texmf-dist/tex/latex/base/size12.clo
File: size12.clo 2019/12/20 v1.4l Standard LaTeX file (size option)
)
\c@part=\count163
\c@section=\count164
\c@subsection=\count165
\c@subsubsection=\count166
\c@paragraph=\count167
\c@subparagraph=\count168
\c@figure=\count169
\c@table=\count170
\abovecaptionskip=\skip47
\belowcaptionskip=\skip48
\bibindent=\dimen134
)
(c:/texlive/2020/texmf-dist/tex/generic/iftex/ifxetex.sty
Package: ifxetex 2019/10/25 v0.7 ifxetex legacy package. Use iftex instead.

(c:/texlive/2020/texmf-dist/tex/generic/iftex/iftex.sty
Package: iftex 2020/03/06 v1.0d TeX engine tests
))
(c:/texlive/2020/texmf-dist/tex/latex/ctex/ctex.sty
(c:/texlive/2020/texmf-dist/tex/latex/l3kernel/expl3.sty
Package: expl3 2020-03-06 L3 programming layer (loader) 

(c:/texlive/2020/texmf-dist/tex/latex/l3backend/l3backend-xdvipdfmx.def
File: l3backend-xdvipdfmx.def 2020-03-12 L3 backend support: xdvipdfmx
\g__graphics_track_int=\count171
\l__pdf_internal_box=\box45
\g__pdf_backend_object_int=\count172
\g__pdf_backend_annotation_int=\count173
))
Package: ctex 2019/05/29 v2.4.16 Chinese adapter in LaTeX (CTEX)

(c:/texlive/2020/texmf-dist/tex/latex/l3packages/xparse/xparse.sty
Package: xparse 2020-03-06 L3 Experimental document command parser
\l__xparse_current_arg_int=\count174
\g__xparse_grabber_int=\count175
\l__xparse_m_args_int=\count176
\l__xparse_v_nesting_int=\count177
)
(c:/texlive/2020/texmf-dist/tex/latex/l3packages/l3keys2e/l3keys2e.sty
Package: l3keys2e 2020-03-06 LaTeX2e option processing using LaTeX3 keys
)
(c:/texlive/2020/texmf-dist/tex/latex/ctex/ctexhook.sty
Package: ctexhook 2019/05/29 v2.4.16 Document and package hooks (CTEX)
)
(c:/texlive/2020/texmf-dist/tex/latex/ctex/ctexpatch.sty
Package: ctexpatch 2019/05/29 v2.4.16 Patching commands (CTEX)
)
(c:/texlive/2020/texmf-dist/tex/latex/base/fix-cm.sty
Package: fix-cm 2015/01/14 v1.1t fixes to LaTeX

(c:/texlive/2020/texmf-dist/tex/latex/base/ts1enc.def
File: ts1enc.def 2001/06/05 v3.0e (jk/car/fm) Standard LaTeX file
LaTeX Font Info:    Redeclaring font encoding TS1 on input line 47.
))
(c:/texlive/2020/texmf-dist/tex/latex/ms/everysel.sty
Package: everysel 2011/10/28 v1.2 EverySelectfont Package (MS)
)
\l__ctex_tmp_int=\count178
\l__ctex_tmp_box=\box46
\l__ctex_tmp_dim=\dimen135
\g__ctex_section_depth_int=\count179
\g__ctex_font_size_int=\count180

(c:/texlive/2020/texmf-dist/tex/latex/ctex/config/ctexopts.cfg
File: ctexopts.cfg 2019/05/29 v2.4.16 Option configuration file (CTEX)
)
(c:/texlive/2020/texmf-dist/tex/latex/ctex/engine/ctex-engine-xetex.def
File: ctex-engine-xetex.def 2019/05/29 v2.4.16 XeLaTeX adapter (CTEX)

(c:/texlive/2020/texmf-dist/tex/xelatex/xecjk/xeCJK.sty
Package: xeCJK 2020/02/18 v3.8.2 Typesetting CJK scripts with XeLaTeX

(c:/texlive/2020/texmf-dist/tex/latex/l3packages/xtemplate/xtemplate.sty
Package: xtemplate 2020-03-06 L3 Experimental prototype document functions
\l__xtemplate_tmp_dim=\dimen136
\l__xtemplate_tmp_int=\count181
\l__xtemplate_tmp_muskip=\muskip16
\l__xtemplate_tmp_skip=\skip49
)
\l__xeCJK_tmp_int=\count182
\l__xeCJK_tmp_box=\box47
\l__xeCJK_tmp_dim=\dimen137
\l__xeCJK_tmp_skip=\skip50
\g__xeCJK_space_factor_int=\count183
\l__xeCJK_begin_int=\count184
\l__xeCJK_end_int=\count185
\c__xeCJK_CJK_class_int=\XeTeXcharclass1
\c__xeCJK_FullLeft_class_int=\XeTeXcharclass2
\c__xeCJK_FullRight_class_int=\XeTeXcharclass3
\c__xeCJK_HalfLeft_class_int=\XeTeXcharclass4
\c__xeCJK_HalfRight_class_int=\XeTeXcharclass5
\c__xeCJK_NormalSpace_class_int=\XeTeXcharclass6
\c__xeCJK_CM_class_int=\XeTeXcharclass7
\c__xeCJK_HangulJamo_class_int=\XeTeXcharclass8
\l__xeCJK_last_skip=\skip51
\g__xeCJK_node_int=\count186
\c__xeCJK_CJK_node_dim=\dimen138
\c__xeCJK_CJK-space_node_dim=\dimen139
\c__xeCJK_default_node_dim=\dimen140
\c__xeCJK_default-space_node_dim=\dimen141
\c__xeCJK_CJK-widow_node_dim=\dimen142
\c__xeCJK_normalspace_node_dim=\dimen143
\l__xeCJK_ccglue_skip=\skip52
\l__xeCJK_ecglue_skip=\skip53
\l__xeCJK_punct_kern_skip=\skip54
\l__xeCJK_last_penalty_int=\count187
\l__xeCJK_last_bound_dim=\dimen144
\l__xeCJK_last_kern_dim=\dimen145
\l__xeCJK_widow_penalty_int=\count188

Package xtemplate Info: Declaring object type 'xeCJK/punctuation' taking 0
(xtemplate)             argument(s) on line 2302.

\l__xeCJK_fixed_punct_width_dim=\dimen146
\l__xeCJK_mixed_punct_width_dim=\dimen147
\l__xeCJK_middle_punct_width_dim=\dimen148
\l__xeCJK_fixed_margin_width_dim=\dimen149
\l__xeCJK_mixed_margin_width_dim=\dimen150
\l__xeCJK_middle_margin_width_dim=\dimen151
\l__xeCJK_bound_punct_width_dim=\dimen152
\l__xeCJK_bound_margin_width_dim=\dimen153
\l__xeCJK_margin_minimum_dim=\dimen154
\l__xeCJK_kerning_total_width_dim=\dimen155
\l__xeCJK_same_align_margin_dim=\dimen156
\l__xeCJK_different_align_margin_dim=\dimen157
\l__xeCJK_kerning_margin_width_dim=\dimen158
\l__xeCJK_kerning_margin_minimum_dim=\dimen159
\l__xeCJK_bound_dim=\dimen160
\l__xeCJK_reverse_bound_dim=\dimen161
\l__xeCJK_margin_dim=\dimen162
\l__xeCJK_minimum_bound_dim=\dimen163
\l__xeCJK_kerning_margin_dim=\dimen164
\g__xeCJK_family_int=\count189
\l__xeCJK_fam_int=\count190
\g__xeCJK_fam_allocation_int=\count191
\l__xeCJK_verb_case_int=\count192
\l__xeCJK_verb_exspace_skip=\skip55

(c:/texlive/2020/texmf-dist/tex/latex/fontspec/fontspec.sty
Package: fontspec 2020/02/21 v2.7i Font selection for XeLaTeX and LuaLaTeX

(c:/texlive/2020/texmf-dist/tex/latex/fontspec/fontspec-xetex.sty
Package: fontspec-xetex 2020/02/21 v2.7i Font selection for XeLaTeX and LuaLaTe
X
\l__fontspec_script_int=\count193
\l__fontspec_language_int=\count194
\l__fontspec_strnum_int=\count195
\l__fontspec_tmp_int=\count196
\l__fontspec_tmpa_int=\count197
\l__fontspec_tmpb_int=\count198
\l__fontspec_tmpc_int=\count199
\l__fontspec_em_int=\count266
\l__fontspec_emdef_int=\count267
\l__fontspec_strong_int=\count268
\l__fontspec_strongdef_int=\count269
\l__fontspec_tmpa_dim=\dimen165
\l__fontspec_tmpb_dim=\dimen166
\l__fontspec_tmpc_dim=\dimen167

(c:/texlive/2020/texmf-dist/tex/latex/base/fontenc.sty
Package: fontenc 2020/02/11 v2.0o Standard LaTeX package
)
(c:/texlive/2020/texmf-dist/tex/latex/fontspec/fontspec.cfg)))
(c:/texlive/2020/texmf-dist/tex/xelatex/xecjk/xeCJK.cfg
File: xeCJK.cfg 2020/02/18 v3.8.2 Configuration file for xeCJK package
))
(c:/texlive/2020/texmf-dist/tex/xelatex/xecjk/xeCJKfntef.sty
Package: xeCJKfntef 2020/02/18 v3.8.2 xeCJK font effect

(c:/texlive/2020/texmf-dist/tex/generic/ulem/ulem.sty
\UL@box=\box48
\UL@hyphenbox=\box49
\UL@skip=\skip56
\UL@hook=\toks15
\UL@height=\dimen168
\UL@pe=\count270
\UL@pixel=\dimen169
\ULC@box=\box50
Package: ulem 2019/11/18
\ULdepth=\dimen170
)
\l__xeCJK_space_skip=\skip57
\c__xeCJK_ulem-begin_node_dim=\dimen171
\c__xeCJK_null_box=\box51
\l__xeCJK_fntef_box=\box52
\l__xeCJK_under_symbol_box=\box53
\c__xeCJK_filll_skip=\skip58
)
\ccwd=\dimen172
\l__ctex_ccglue_skip=\skip59
)
\l__ctex_ziju_dim=\dimen173

(c:/texlive/2020/texmf-dist/tex/latex/zhnumber/zhnumber.sty
Package: zhnumber 2019/04/07 v2.7 Typesetting numbers with Chinese glyphs
\l__zhnum_scale_int=\count271

(c:/texlive/2020/texmf-dist/tex/latex/zhnumber/zhnumber-utf8.cfg
File: zhnumber-utf8.cfg 2019/04/07 v2.7 Chinese numerals with UTF8 encoding
))
(c:/texlive/2020/texmf-dist/tex/latex/ctex/scheme/ctex-scheme-chinese.def
File: ctex-scheme-chinese.def 2019/05/29 v2.4.16 Chinese scheme for generic (CT
EX)

(c:/texlive/2020/texmf-dist/tex/latex/ctex/config/ctex-name-utf8.cfg
File: ctex-name-utf8.cfg 2019/05/29 v2.4.16 Caption with encoding UTF8 (CTEX)
))
(c:/texlive/2020/texmf-dist/tex/latex/tools/indentfirst.sty
Package: indentfirst 1995/11/23 v1.03 Indent first paragraph (DPC)
)
(c:/texlive/2020/texmf-dist/tex/latex/ctex/ctex-c5size.clo
File: ctex-c5size.clo 2019/05/29 v2.4.16 c5size option (CTEX)
)
(c:/texlive/2020/texmf-dist/tex/latex/ctex/fontset/ctex-fontset-windows.def
File: ctex-fontset-windows.def 2019/05/29 v2.4.16 Windows fonts definition (CTE
X)

(c:/texlive/2020/texmf-dist/tex/latex/ctex/fontset/ctex-fontset-windowsnew.def
File: ctex-fontset-windowsnew.def 2019/05/29 v2.4.16 Windows fonts definition f
or Vista or later version (CTEX)

Package fontspec Info: Could not resolve font "KaiTi/B" (it probably doesn't
(fontspec)             exist).


Package fontspec Info: Could not resolve font "SimHei/I" (it probably doesn't
(fontspec)             exist).


Package fontspec Info: Could not resolve font "SimSun/BI" (it probably doesn't
(fontspec)             exist).


Package fontspec Info: Font family 'SimSun(0)' created for font 'SimSun' with
(fontspec)             options
(fontspec)             [Script={CJK},BoldFont={SimHei},ItalicFont={KaiTi}].
(fontspec)              
(fontspec)              This font family consists of the following NFSS
(fontspec)             series/shapes:
(fontspec)              
(fontspec)             - 'normal' (m/n) with NFSS spec.:
(fontspec)             <->"SimSun/OT:script=hani;language=dflt;"
(fontspec)             - 'small caps'  (m/sc) with NFSS spec.: 
(fontspec)             - 'bold' (b/n) with NFSS spec.:
(fontspec)             <->"SimHei/OT:script=hani;language=dflt;"
(fontspec)             - 'bold small caps'  (b/sc) with NFSS spec.: 
(fontspec)             - 'italic' (m/it) with NFSS spec.:
(fontspec)             <->"KaiTi/OT:script=hani;language=dflt;"
(fontspec)             - 'italic small caps'  (m/scit) with NFSS spec.: 

))) (c:/texlive/2020/texmf-dist/tex/latex/ctex/config/ctex.cfg
File: ctex.cfg 2019/05/29 v2.4.16 Configuration file (CTEX)
)
(c:/texlive/2020/texmf-dist/tex/latex/geometry/geometry.sty
Package: geometry 2020/01/02 v5.9 Page Geometry

(c:/texlive/2020/texmf-dist/tex/latex/graphics/keyval.sty
Package: keyval 2014/10/28 v1.15 key=value parser (DPC)
\KV@toks@=\toks16
)
(c:/texlive/2020/texmf-dist/tex/generic/iftex/ifvtex.sty
Package: ifvtex 2019/10/25 v1.7 ifvtex legacy package. Use iftex instead.
)
\Gm@cnth=\count272
\Gm@cntv=\count273
\c@Gm@tempcnt=\count274
\Gm@bindingoffset=\dimen174
\Gm@wd@mp=\dimen175
\Gm@odd@mp=\dimen176
\Gm@even@mp=\dimen177
\Gm@layoutwidth=\dimen178
\Gm@layoutheight=\dimen179
\Gm@layouthoffset=\dimen180
\Gm@layoutvoffset=\dimen181
\Gm@dimlist=\toks17
)
(c:/texlive/2020/texmf-dist/tex/latex/amsmath/amsmath.sty
Package: amsmath 2020/01/20 v2.17e AMS math features
\@mathmargin=\skip60

For additional information on amsmath, use the `?' option.
(c:/texlive/2020/texmf-dist/tex/latex/amsmath/amstext.sty
Package: amstext 2000/06/29 v2.01 AMS text

(c:/texlive/2020/texmf-dist/tex/latex/amsmath/amsgen.sty
File: amsgen.sty 1999/11/30 v2.0 generic functions
\@emptytoks=\toks18
\ex@=\dimen182
))
(c:/texlive/2020/texmf-dist/tex/latex/amsmath/amsbsy.sty
Package: amsbsy 1999/11/29 v1.2d Bold Symbols
\pmbraise@=\dimen183
)
(c:/texlive/2020/texmf-dist/tex/latex/amsmath/amsopn.sty
Package: amsopn 2016/03/08 v2.02 operator names
)
\inf@bad=\count275
LaTeX Info: Redefining \frac on input line 227.
\uproot@=\count276
\leftroot@=\count277
LaTeX Info: Redefining \overline on input line 389.
\classnum@=\count278
\DOTSCASE@=\count279
LaTeX Info: Redefining \ldots on input line 486.
LaTeX Info: Redefining \dots on input line 489.
LaTeX Info: Redefining \cdots on input line 610.
\Mathstrutbox@=\box54
\strutbox@=\box55
\big@size=\dimen184
LaTeX Font Info:    Redeclaring font encoding OML on input line 733.
LaTeX Font Info:    Redeclaring font encoding OMS on input line 734.
\macc@depth=\count280
\c@MaxMatrixCols=\count281
\dotsspace@=\muskip17
\c@parentequation=\count282
\dspbrk@lvl=\count283
\tag@help=\toks19
\row@=\count284
\column@=\count285
\maxfields@=\count286
\andhelp@=\toks20
\eqnshift@=\dimen185
\alignsep@=\dimen186
\tagshift@=\dimen187
\tagwidth@=\dimen188
\totwidth@=\dimen189
\lineht@=\dimen190
\@envbody=\toks21
\multlinegap=\skip61
\multlinetaggap=\skip62
\mathdisplay@stack=\toks22
LaTeX Info: Redefining \[ on input line 2859.
LaTeX Info: Redefining \] on input line 2860.
)
(c:/texlive/2020/texmf-dist/tex/latex/amsfonts/amsfonts.sty
Package: amsfonts 2013/01/14 v3.01 Basic AMSFonts support
\symAMSa=\mathgroup4
\symAMSb=\mathgroup5
LaTeX Font Info:    Redeclaring math symbol \hbar on input line 98.
LaTeX Font Info:    Overwriting math alphabet `\mathfrak' in version `bold'
(Font)                  U/euf/m/n --> U/euf/b/n on input line 106.
)
(c:/texlive/2020/texmf-dist/tex/latex/amsfonts/amssymb.sty
Package: amssymb 2013/01/14 v3.01 AMS font symbols
)
(c:/texlive/2020/texmf-dist/tex/latex/tools/bm.sty
Package: bm 2019/07/24 v1.2d Bold Symbol Support (DPC/FMi)
\symboldoperators=\mathgroup6
\symboldletters=\mathgroup7
\symboldsymbols=\mathgroup8
LaTeX Font Info:    Redeclaring math alphabet \mathbf on input line 141.
LaTeX Info: Redefining \bm on input line 209.
)
(c:/texlive/2020/texmf-dist/tex/latex/titlesec/titletoc.sty
Package: titletoc 2019/10/16 v2.13 TOC entries
\ttl@leftsep=\dimen191
)
(c:/texlive/2020/texmf-dist/tex/latex/xcolor/xcolor.sty
Package: xcolor 2016/05/11 v2.12 LaTeX color extensions (UK)

(c:/texlive/2020/texmf-dist/tex/latex/graphics-cfg/color.cfg
File: color.cfg 2016/01/02 v1.6 sample color configuration
)
Package xcolor Info: Driver file: xetex.def on input line 225.

(c:/texlive/2020/texmf-dist/tex/latex/graphics-def/xetex.def
File: xetex.def 2017/06/24 v5.0h Graphics/color driver for xetex
)
Package xcolor Info: Model `cmy' substituted by `cmy0' on input line 1348.
Package xcolor Info: Model `RGB' extended on input line 1364.
Package xcolor Info: Model `HTML' substituted by `rgb' on input line 1366.
Package xcolor Info: Model `Hsb' substituted by `hsb' on input line 1367.
Package xcolor Info: Model `tHsb' substituted by `hsb' on input line 1368.
Package xcolor Info: Model `HSB' substituted by `hsb' on input line 1369.
Package xcolor Info: Model `Gray' substituted by `gray' on input line 1370.
Package xcolor Info: Model `wave' substituted by `hsb' on input line 1371.
)
(c:/texlive/2020/texmf-dist/tex/latex/graphics/graphicx.sty
Package: graphicx 2019/11/30 v1.2a Enhanced LaTeX Graphics (DPC,SPQR)

(c:/texlive/2020/texmf-dist/tex/latex/graphics/graphics.sty
Package: graphics 2019/11/30 v1.4a Standard LaTeX Graphics (DPC,SPQR)

(c:/texlive/2020/texmf-dist/tex/latex/graphics/trig.sty
Package: trig 2016/01/03 v1.10 sin cos tan (DPC)
)
(c:/texlive/2020/texmf-dist/tex/latex/graphics-cfg/graphics.cfg
File: graphics.cfg 2016/06/04 v1.11 sample graphics configuration
)
Package graphics Info: Driver file: xetex.def on input line 105.
)
\Gin@req@height=\dimen192
\Gin@req@width=\dimen193
)
(c:/texlive/2020/texmf-dist/tex/latex/tools/array.sty
Package: array 2019/08/31 v2.4l Tabular extension package (FMi)
\col@sep=\dimen194
\ar@mcellbox=\box56
\extrarowheight=\dimen195
\NC@list=\toks23
\extratabsurround=\skip63
\backup@length=\skip64
\ar@cellbox=\box57
)
(c:/texlive/2020/texmf-dist/tex/latex/tools/longtable.sty
Package: longtable 2020/01/07 v4.13 Multi-page Table package (DPC)
\LTleft=\skip65
\LTright=\skip66
\LTpre=\skip67
\LTpost=\skip68
\LTchunksize=\count287
\LTcapwidth=\dimen196
\LT@head=\box58
\LT@firsthead=\box59
\LT@foot=\box60
\LT@lastfoot=\box61
\LT@cols=\count288
\LT@rows=\count289
\c@LT@tables=\count290
\c@LT@chunks=\count291
\LT@p@ftn=\toks24
)
(c:/texlive/2020/texmf-dist/tex/latex/booktabs/booktabs.sty
Package: booktabs 2020/01/12 v1.61803398 Publication quality tables
\heavyrulewidth=\dimen197
\lightrulewidth=\dimen198
\cmidrulewidth=\dimen199
\belowrulesep=\dimen256
\belowbottomsep=\dimen257
\aboverulesep=\dimen258
\abovetopsep=\dimen259
\cmidrulesep=\dimen260
\cmidrulekern=\dimen261
\defaultaddspace=\dimen262
\@cmidla=\count292
\@cmidlb=\count293
\@aboverulesep=\dimen263
\@belowrulesep=\dimen264
\@thisruleclass=\count294
\@lastruleclass=\count295
\@thisrulewidth=\dimen265
)
(c:/texlive/2020/texmf-dist/tex/latex/multirow/multirow.sty
Package: multirow 2019/05/31 v2.5 Span multiple rows of a table
\multirow@colwidth=\skip69
\multirow@cntb=\count296
\multirow@dima=\skip70
\bigstrutjot=\dimen266
)
(c:/texlive/2020/texmf-dist/tex/latex/multirow/bigstrut.sty
Package: bigstrut 2019/05/31 v2.5 Provide larger struts in tabulars
)
(c:/texlive/2020/texmf-dist/tex/latex/multirow/bigdelim.sty
Package: bigdelim 2019/05/31 v2.5 Create big delimiters in tabular or array
)
(c:/texlive/2020/texmf-dist/tex/latex/cprotect/cprotect.sty
Package: cprotect 2011/01/27 v1.0e (Bruno Le Floch)

(c:/texlive/2020/texmf-dist/tex/latex/base/ifthen.sty
Package: ifthen 2014/09/29 v1.1c Standard LaTeX ifthen package (DPC)
)
(c:/texlive/2020/texmf-dist/tex/latex/bigfoot/suffix.sty
Package: suffix 2006/07/15 1.5a Variant command support
)
\CPT@WriteOut=\write3
\c@CPT@WriteCount=\count297
\c@CPT@numB=\count298
\CPT@commandatend@toks=\toks25
)
(c:/texlive/2020/texmf-dist/tex/latex/listings/listings.sty
\lst@mode=\count299
\lst@gtempboxa=\box62
\lst@token=\toks26
\lst@length=\count300
\lst@currlwidth=\dimen267
\lst@column=\count301
\lst@pos=\count302
\lst@lostspace=\dimen268
\lst@width=\dimen269
\lst@newlines=\count303
\lst@lineno=\count304
\lst@maxwidth=\dimen270

(c:/texlive/2020/texmf-dist/tex/latex/listings/lstmisc.sty
File: lstmisc.sty 2020/03/24 1.8d (Carsten Heinz)
\c@lstnumber=\count305
\lst@skipnumbers=\count306
\lst@framebox=\box63
)
(c:/texlive/2020/texmf-dist/tex/latex/listings/listings.cfg
File: listings.cfg 2020/03/24 1.8d listings configuration
))
Package: listings 2020/03/24 1.8d (Carsten Heinz)

(c:/texlive/2020/texmf-dist/tex/latex/tocloft/tocloft.sty
Package: tocloft 2017/08/31 v2.3i parameterised ToC, etc., typesetting
Package tocloft Info: The document has section divisions on input line 51.
\cftparskip=\skip71
\cftbeforetoctitleskip=\skip72
\cftaftertoctitleskip=\skip73
\cftbeforepartskip=\skip74
\cftpartnumwidth=\skip75
\cftpartindent=\skip76
\cftbeforesecskip=\skip77
\cftsecindent=\skip78
\cftsecnumwidth=\skip79
\cftbeforesubsecskip=\skip80
\cftsubsecindent=\skip81
\cftsubsecnumwidth=\skip82
\cftbeforesubsubsecskip=\skip83
\cftsubsubsecindent=\skip84
\cftsubsubsecnumwidth=\skip85
\cftbeforeparaskip=\skip86
\cftparaindent=\skip87
\cftparanumwidth=\skip88
\cftbeforesubparaskip=\skip89
\cftsubparaindent=\skip90
\cftsubparanumwidth=\skip91
\cftbeforeloftitleskip=\skip92
\cftafterloftitleskip=\skip93
\cftbeforefigskip=\skip94
\cftfigindent=\skip95
\cftfignumwidth=\skip96
\c@lofdepth=\count307
\c@lotdepth=\count308
\cftbeforelottitleskip=\skip97
\cftafterlottitleskip=\skip98
\cftbeforetabskip=\skip99
\cfttabindent=\skip100
\cfttabnumwidth=\skip101
)
(c:/texlive/2020/texmf-dist/tex/latex/caption/caption.sty
Package: caption 2020/01/03 v3.4h Customizing captions (AR)

(c:/texlive/2020/texmf-dist/tex/latex/caption/caption3.sty
Package: caption3 2020/01/03 v1.8h caption3 kernel (AR)
Package caption3 Info: TeX engine: e-TeX on input line 61.
\captionmargin=\dimen271
\captionmargin@=\dimen272
\captionwidth=\dimen273
\caption@tempdima=\dimen274
\caption@indent=\dimen275
\caption@parindent=\dimen276
\caption@hangindent=\dimen277
Package caption Info: Standard document class detected.
)
\c@caption@flags=\count309
\c@continuedfloat=\count310
Package caption Info: listings package is loaded.
Package caption Info: longtable package is loaded.

(c:/texlive/2020/texmf-dist/tex/latex/caption/ltcaption.sty
Package: ltcaption 2018/08/26 v1.4a longtable captions (AR)
))
(c:/texlive/2020/texmf-dist/tex/latex/enumitem/enumitem.sty
Package: enumitem 2019/06/20 v3.9 Customized lists
\labelindent=\skip102
\enit@outerparindent=\dimen278
\enit@toks=\toks27
\enit@inbox=\box64
\enit@count@id=\count311
\enitdp@description=\count312
)
(c:/texlive/2020/texmf-dist/tex/latex/tools/calc.sty
Package: calc 2017/05/25 v4.3 Infix arithmetic (KKT,FJ)
\calc@Acount=\count313
\calc@Bcount=\count314
\calc@Adimen=\dimen279
\calc@Bdimen=\dimen280
\calc@Askip=\skip103
\calc@Bskip=\skip104
LaTeX Info: Redefining \setlength on input line 80.
LaTeX Info: Redefining \addtolength on input line 81.
\calc@Ccount=\count315
\calc@Cskip=\skip105
)
(c:/texlive/2020/texmf-dist/tex/latex/appendix/appendix.sty
Package: appendix 2020/02/08 v1.2c extra appendix facilities
\c@@pps=\count316
\c@@ppsavesec=\count317
\c@@ppsaveapp=\count318
)
(c:/texlive/2020/texmf-dist/tex/latex/etoolbox/etoolbox.sty
Package: etoolbox 2019/09/21 v2.5h e-TeX tools for LaTeX (JAW)
\etb@tempcnta=\count319
)
(c:/texlive/2020/texmf-dist/tex/latex/hyperref/hyperref.sty
Package: hyperref 2020/01/14 v7.00d Hypertext links for LaTeX

(c:/texlive/2020/texmf-dist/tex/generic/ltxcmds/ltxcmds.sty
Package: ltxcmds 2019/12/15 v1.24 LaTeX kernel commands for general use (HO)
)
(c:/texlive/2020/texmf-dist/tex/latex/pdftexcmds/pdftexcmds.sty
Package: pdftexcmds 2019/11/24 v0.31 Utility functions of pdfTeX for LuaTeX (HO
)

(c:/texlive/2020/texmf-dist/tex/generic/infwarerr/infwarerr.sty
Package: infwarerr 2019/12/03 v1.5 Providing info/warning/error messages (HO)
)
Package pdftexcmds Info: \pdf@primitive is available.
Package pdftexcmds Info: \pdf@ifprimitive is available.
Package pdftexcmds Info: \pdfdraftmode not found.
)
(c:/texlive/2020/texmf-dist/tex/generic/kvsetkeys/kvsetkeys.sty
Package: kvsetkeys 2019/12/15 v1.18 Key value parser (HO)
)
(c:/texlive/2020/texmf-dist/tex/generic/kvdefinekeys/kvdefinekeys.sty
Package: kvdefinekeys 2019-12-19 v1.6 Define keys (HO)
)
(c:/texlive/2020/texmf-dist/tex/generic/pdfescape/pdfescape.sty
Package: pdfescape 2019/12/09 v1.15 Implements pdfTeX's escape features (HO)
)
(c:/texlive/2020/texmf-dist/tex/latex/hycolor/hycolor.sty
Package: hycolor 2020-01-27 v1.10 Color options for hyperref/bookmark (HO)
)
(c:/texlive/2020/texmf-dist/tex/latex/letltxmacro/letltxmacro.sty
Package: letltxmacro 2019/12/03 v1.6 Let assignment for LaTeX macros (HO)
)
(c:/texlive/2020/texmf-dist/tex/latex/auxhook/auxhook.sty
Package: auxhook 2019-12-17 v1.6 Hooks for auxiliary files (HO)
)
(c:/texlive/2020/texmf-dist/tex/latex/kvoptions/kvoptions.sty
Package: kvoptions 2019/11/29 v3.13 Key value format for package options (HO)
)
\@linkdim=\dimen281
\Hy@linkcounter=\count320
\Hy@pagecounter=\count321

(c:/texlive/2020/texmf-dist/tex/latex/hyperref/pd1enc.def
File: pd1enc.def 2020/01/14 v7.00d Hyperref: PDFDocEncoding definition (HO)
)
(c:/texlive/2020/texmf-dist/tex/generic/intcalc/intcalc.sty
Package: intcalc 2019/12/15 v1.3 Expandable calculations with integers (HO)
)
(c:/texlive/2020/texmf-dist/tex/generic/etexcmds/etexcmds.sty
Package: etexcmds 2019/12/15 v1.7 Avoid name clashes with e-TeX commands (HO)
)
\Hy@SavedSpaceFactor=\count322
Package hyperref Info: Option `unicode' set `true' on input line 4421.

(c:/texlive/2020/texmf-dist/tex/latex/hyperref/puenc.def
File: puenc.def 2020/01/14 v7.00d Hyperref: PDF Unicode definition (HO)
)
Package hyperref Info: Hyper figures OFF on input line 4547.
Package hyperref Info: Link nesting OFF on input line 4552.
Package hyperref Info: Hyper index ON on input line 4555.
Package hyperref Info: Plain pages OFF on input line 4562.
Package hyperref Info: Backreferencing OFF on input line 4567.
Package hyperref Info: Implicit mode ON; LaTeX internals redefined.
Package hyperref Info: Bookmarks ON on input line 4800.
\c@Hy@tempcnt=\count323

(c:/texlive/2020/texmf-dist/tex/latex/url/url.sty
\Urlmuskip=\muskip18
Package: url 2013/09/16  ver 3.4  Verb mode for urls, etc.
)
LaTeX Info: Redefining \url on input line 5159.
\XeTeXLinkMargin=\dimen282

(c:/texlive/2020/texmf-dist/tex/generic/bitset/bitset.sty
Package: bitset 2019/12/09 v1.3 Handle bit-vector datatype (HO)

(c:/texlive/2020/texmf-dist/tex/generic/bigintcalc/bigintcalc.sty
Package: bigintcalc 2019/12/15 v1.5 Expandable calculations on big integers (HO
)
))
\Fld@menulength=\count324
\Field@Width=\dimen283
\Fld@charsize=\dimen284
Package hyperref Info: Hyper figures OFF on input line 6430.
Package hyperref Info: Link nesting OFF on input line 6435.
Package hyperref Info: Hyper index ON on input line 6438.
Package hyperref Info: backreferencing OFF on input line 6445.
Package hyperref Info: Link coloring OFF on input line 6450.
Package hyperref Info: Link coloring with OCG OFF on input line 6455.
Package hyperref Info: PDF/A mode OFF on input line 6460.
LaTeX Info: Redefining \ref on input line 6500.
LaTeX Info: Redefining \pageref on input line 6504.

(c:/texlive/2020/texmf-dist/tex/generic/atbegshi/atbegshi.sty
Package: atbegshi 2019/12/05 v1.19 At begin shipout hook (HO)
)
\Hy@abspage=\count325
\c@Item=\count326
\c@Hfootnote=\count327
)
Package hyperref Info: Driver (autodetected): hxetex.

(c:/texlive/2020/texmf-dist/tex/latex/hyperref/hxetex.def
File: hxetex.def 2020/01/14 v7.00d Hyperref driver for XeTeX

(c:/texlive/2020/texmf-dist/tex/generic/stringenc/stringenc.sty
Package: stringenc 2019/11/29 v1.12 Convert strings between diff. encodings (HO
)
)
\pdfm@box=\box65
\c@Hy@AnnotLevel=\count328
\HyField@AnnotCount=\count329
\Fld@listcount=\count330
\c@bookmark@seq@number=\count331

(c:/texlive/2020/texmf-dist/tex/latex/rerunfilecheck/rerunfilecheck.sty
Package: rerunfilecheck 2019/12/05 v1.9 Rerun checks for auxiliary files (HO)

(c:/texlive/2020/texmf-dist/tex/latex/atveryend/atveryend.sty
Package: atveryend 2019-12-11 v1.11 Hooks at the very end of document (HO)
)
(c:/texlive/2020/texmf-dist/tex/generic/uniquecounter/uniquecounter.sty
Package: uniquecounter 2019/12/15 v1.4 Provide unlimited unique counter (HO)
)
Package uniquecounter Info: New unique counter `rerunfilecheck' on input line 2
86.
)
\Hy@SectionHShift=\skip106
)

Package fontspec Info: Font family 'TimesNewRoman(0)' created for font 'Times
(fontspec)             New Roman' with options [Ligatures=TeX].
(fontspec)              
(fontspec)              This font family consists of the following NFSS
(fontspec)             series/shapes:
(fontspec)              
(fontspec)             - 'normal' (m/n) with NFSS spec.: <->"Times New
(fontspec)             Roman/OT:script=latn;language=dflt;mapping=tex-text;"
(fontspec)             - 'small caps'  (m/sc) with NFSS spec.: <->"Times New
(fontspec)             Roman/OT:script=latn;language=dflt;+smcp;mapping=tex-tex
t;"
(fontspec)             - 'bold' (b/n) with NFSS spec.: <->"Times New
(fontspec)             Roman/B/OT:script=latn;language=dflt;mapping=tex-text;"
(fontspec)             - 'bold small caps'  (b/sc) with NFSS spec.: <->"Times
(fontspec)             New
(fontspec)             Roman/B/OT:script=latn;language=dflt;+smcp;mapping=tex-t
ext;"
(fontspec)             - 'italic' (m/it) with NFSS spec.: <->"Times New
(fontspec)             Roman/I/OT:script=latn;language=dflt;mapping=tex-text;"
(fontspec)             - 'italic small caps'  (m/scit) with NFSS spec.:
(fontspec)             <->"Times New
(fontspec)             Roman/I/OT:script=latn;language=dflt;+smcp;mapping=tex-t
ext;"
(fontspec)             - 'bold italic' (b/it) with NFSS spec.: <->"Times New
(fontspec)             Roman/BI/OT:script=latn;language=dflt;mapping=tex-text;"

(fontspec)             - 'bold italic small caps'  (b/scit) with NFSS spec.:
(fontspec)             <->"Times New
(fontspec)             Roman/BI/OT:script=latn;language=dflt;+smcp;mapping=tex-
text;"


Package fontspec Info: Font family 'Arial(0)' created for font 'Arial' with
(fontspec)             options [Ligatures=TeX].
(fontspec)              
(fontspec)              This font family consists of the following NFSS
(fontspec)             series/shapes:
(fontspec)              
(fontspec)             - 'normal' (m/n) with NFSS spec.:
(fontspec)             <->"Arial/OT:script=latn;language=dflt;mapping=tex-text;
"
(fontspec)             - 'small caps'  (m/sc) with NFSS spec.:
(fontspec)             <->"Arial/OT:script=latn;language=dflt;+smcp;mapping=tex
-text;"
(fontspec)             - 'bold' (b/n) with NFSS spec.:
(fontspec)             <->"Arial/B/OT:script=latn;language=dflt;mapping=tex-tex
t;"
(fontspec)             - 'bold small caps'  (b/sc) with NFSS spec.:
(fontspec)             <->"Arial/B/OT:script=latn;language=dflt;+smcp;mapping=t
ex-text;"
(fontspec)             - 'italic' (m/it) with NFSS spec.:
(fontspec)             <->"Arial/I/OT:script=latn;language=dflt;mapping=tex-tex
t;"
(fontspec)             - 'italic small caps'  (m/scit) with NFSS spec.:
(fontspec)             <->"Arial/I/OT:script=latn;language=dflt;+smcp;mapping=t
ex-text;"
(fontspec)             - 'bold italic' (b/it) with NFSS spec.:
(fontspec)             <->"Arial/BI/OT:script=latn;language=dflt;mapping=tex-te
xt;"
(fontspec)             - 'bold italic small caps'  (b/scit) with NFSS spec.:
(fontspec)             <->"Arial/BI/OT:script=latn;language=dflt;+smcp;mapping=
tex-text;"

\c@definition=\count332
\c@theorem=\count333
\c@lemma=\count334
\c@corollary=\count335
\c@assumption=\count336
\c@conjecture=\count337
\c@axiom=\count338
\c@principle=\count339
\c@problem=\count340
\c@example=\count341
\c@proof=\count342
\c@solution=\count343


Package hyperref Warning: Option `xetex' has already been used,
(hyperref)                setting the option has no effect on input line 216.

Package hyperref Info: Option `CJKbookmarks' set `true' on input line 216.
Package hyperref Info: Option `bookmarksnumbered' set `true' on input line 216.

Package hyperref Info: Option `bookmarksopen' set `true' on input line 216.
Package hyperref Info: Option `colorlinks' set `true' on input line 216.
Package hyperref Info: Option `breaklinks' set `true' on input line 216.
) (c:/texlive/2020/texmf-dist/tex/latex/tools/multicol.sty
Package: multicol 2019/12/09 v1.8y multicolumn formatting (FMi)
\c@tracingmulticols=\count344
\mult@box=\box66
\multicol@leftmargin=\dimen285
\c@unbalance=\count345
\c@collectmore=\count346
\doublecol@number=\count347
\multicoltolerance=\count348
\multicolpretolerance=\count349
\full@width=\dimen286
\page@free=\dimen287
\premulticols=\dimen288
\postmulticols=\dimen289
\multicolsep=\skip107
\multicolbaselineskip=\skip108
\partial@page=\box67
\last@line=\box68
\maxbalancingoverflow=\dimen290
\mult@rightbox=\box69
\mult@grightbox=\box70
\mult@gfirstbox=\box71
\mult@firstbox=\box72
\@tempa=\box73
\@tempa=\box74
\@tempa=\box75
\@tempa=\box76
\@tempa=\box77
\@tempa=\box78
\@tempa=\box79
\@tempa=\box80
\@tempa=\box81
\@tempa=\box82
\@tempa=\box83
\@tempa=\box84
\@tempa=\box85
\@tempa=\box86
\@tempa=\box87
\@tempa=\box88
\@tempa=\box89
\@tempa=\box90
\@tempa=\box91
\@tempa=\box92
\@tempa=\box93
\@tempa=\box94
\@tempa=\box95
\@tempa=\box96
\@tempa=\box97
\@tempa=\box98
\@tempa=\box99
\@tempa=\box100
\@tempa=\box101
\@tempa=\box102
\@tempa=\box103
\@tempa=\box104
\@tempa=\box105
\@tempa=\box106
\@tempa=\box107
\@tempa=\box108
\@tempa=\box109
\c@minrows=\count350
\c@columnbadness=\count351
\c@finalcolumnbadness=\count352
\last@try=\dimen291
\multicolovershoot=\dimen292
\multicolundershoot=\dimen293
\mult@nat@firstbox=\box110
\colbreak@box=\box111
\mc@col@check@num=\count353
)
(c:/texlive/2020/texmf-dist/tex/latex/cases/cases.sty
Package: cases 2020/03/10 ver 3.1
\numc@numwid=\dimen294
)
(c:/texlive/2020/texmf-dist/tex/latex/fancyhdr/fancyhdr.sty
Package: fancyhdr 2019/01/31 v3.10 Extensive control of page headers and footer
s
\f@nch@headwidth=\skip109
\f@nch@O@elh=\skip110
\f@nch@O@erh=\skip111
\f@nch@O@olh=\skip112
\f@nch@O@orh=\skip113
\f@nch@O@elf=\skip114
\f@nch@O@erf=\skip115
\f@nch@O@olf=\skip116
\f@nch@O@orf=\skip117
)
(c:/texlive/2020/texmf-dist/tex/generic/mathdots/mathdots.sty
Package: mathdots 2014/06/11 v0.9 Improve and add various macros for dots in ma
th.
\MDo@unit=\dimen295
\MDo@dotsbox=\box112
\MDoprekern=\muskip19
\MDopostkern=\muskip20
\MDodotkern=\muskip21
)
(c:/texlive/2020/texmf-dist/tex/latex/gbt7714/gbt7714.sty
Package: gbt7714 2020/03/14 v2.0.1 GB/T 7714-2015 BibTeX Style

(c:/texlive/2020/texmf-dist/tex/latex/natbib/natbib.sty
Package: natbib 2010/09/13 8.31b (PWD, AO)
\bibhang=\skip118
\bibsep=\skip119
LaTeX Info: Redefining \cite on input line 694.
\c@NAT@ctr=\count354
))
Package hyperref Info: Option `colorlinks' set `true' on input line 46.
 (./bibspacing.sty
\bibindent=\dimen296
\bibspacing=\dimen297
)
(c:/texlive/2020/texmf-dist/tex/latex/algorithm2e/algorithm2e.sty
Invalid UTF-8 byte or sequence at line 284 replaced by U+FFFD.
Invalid UTF-8 byte or sequence at line 299 replaced by U+FFFD.
Invalid UTF-8 byte or sequence at line 550 replaced by U+FFFD.
Package: algorithm2e 2017/07/18 v5.2 algorithms environments
\c@AlgoLine=\count355
\algocf@hangindent=\skip120

(c:/texlive/2020/texmf-dist/tex/latex/ifoddpage/ifoddpage.sty
Package: ifoddpage 2016/04/23 v1.1 Conditionals for odd/even page detection
\c@checkoddpage=\count356
)
(c:/texlive/2020/texmf-dist/tex/latex/tools/xspace.sty
Package: xspace 2014/10/28 v1.13 Space after command names (DPC,MH)
)
(c:/texlive/2020/texmf-dist/tex/latex/relsize/relsize.sty
Package: relsize 2013/03/29 ver 4.1
)
\skiptotal=\skip121
\skiplinenumber=\skip122
\skiprule=\skip123
\skiphlne=\skip124
\skiptext=\skip125
\skiplength=\skip126
\algomargin=\skip127
\skipalgocfslide=\skip128
\algowidth=\dimen298
\inoutsize=\dimen299
\inoutindent=\dimen300
\interspacetitleruled=\dimen301
\interspacealgoruled=\dimen302
\interspacetitleboxruled=\dimen303
\algocf@ruledwidth=\skip129
\algocf@inoutbox=\box113
\algocf@inputbox=\box114
\AlCapSkip=\skip130
\AlCapHSkip=\skip131
\algoskipindent=\skip132
\algocf@nlbox=\box115
\algocf@hangingbox=\box116
\algocf@untilbox=\box117
\algocf@skipuntil=\skip133
\algocf@capbox=\box118
\algocf@lcaptionbox=\skip134
\algoheightruledefault=\skip135
\algoheightrule=\skip136
\algotitleheightruledefault=\skip137
\algotitleheightrule=\skip138
\c@algocfline=\count357
\c@algocfproc=\count358
\c@algocf=\count359
\algocf@algoframe=\box119
\algocf@algobox=\box120
)
(c:/texlive/2020/texmf-dist/tex/latex/threeparttable/threeparttable.sty
Package: threeparttable 2003/06/13  v 3.0
\@tempboxb=\box121
)
(c:/texlive/2020/texmf-dist/tex/latex/makecell/makecell.sty
Package: makecell 2009/08/03 V0.1e Managing of Tab Column Heads and Cells
\rotheadsize=\dimen304
\c@nlinenum=\count360
\TeXr@lab=\toks28
)
(c:/texlive/2020/texmf-dist/tex/latex/matlab-prettifier/matlab-prettifier.sty
Package: matlab-prettifier 2014/06/19 v0.3 A package for prettyprinting Matlab 
source code

(c:/texlive/2020/texmf-dist/tex/latex/base/textcomp.sty
Package: textcomp 2020/02/02 v2.0n Standard LaTeX package
)
\netBracketCount@mlpr=\count361
\blkLvl@mlpr=\count362
\blkLvlAtClassdef@mlpr=\count363
\emHeight@mlpr=\skip139
\jayDepth@mlpr=\skip140
\sectionRuleOffset@mlpr=\skip141
\toks@mlpr=\toks29
)
(c:/texlive/2020/texmf-dist/tex/latex/tools/tabularx.sty
Package: tabularx 2020/01/15 v2.11c `tabularx' package (DPC)
\TX@col@width=\dimen305
\TX@old@table=\dimen306
\TX@old@col=\dimen307
\TX@target=\dimen308
\TX@delta=\dimen309
\TX@cols=\count364
\TX@ftn=\toks30
)
(c:/texlive/2020/texmf-dist/tex/latex/ragged2e/ragged2e.sty
Package: ragged2e 2019/07/28 v2.2 ragged2e Package (MS)
\CenteringLeftskip=\skip142
\RaggedLeftLeftskip=\skip143
\RaggedRightLeftskip=\skip144
\CenteringRightskip=\skip145
\RaggedLeftRightskip=\skip146
\RaggedRightRightskip=\skip147
\CenteringParfillskip=\skip148
\RaggedLeftParfillskip=\skip149
\RaggedRightParfillskip=\skip150
\JustifyingParfillskip=\skip151
\CenteringParindent=\skip152
\RaggedLeftParindent=\skip153
\RaggedRightParindent=\skip154
\JustifyingParindent=\skip155
)
(c:/texlive/2020/texmf-dist/tex/latex/pgf/frontendlayer/tikz.sty
(c:/texlive/2020/texmf-dist/tex/latex/pgf/basiclayer/pgf.sty
(c:/texlive/2020/texmf-dist/tex/latex/pgf/utilities/pgfrcs.sty
(c:/texlive/2020/texmf-dist/tex/generic/pgf/utilities/pgfutil-common.tex
\pgfutil@everybye=\toks31
\pgfutil@tempdima=\dimen310
\pgfutil@tempdimb=\dimen311

(c:/texlive/2020/texmf-dist/tex/generic/pgf/utilities/pgfutil-common-lists.tex)
) (c:/texlive/2020/texmf-dist/tex/generic/pgf/utilities/pgfutil-latex.def
\pgfutil@abb=\box122

(c:/texlive/2020/texmf-dist/tex/latex/ms/everyshi.sty
Package: everyshi 2001/05/15 v3.00 EveryShipout Package (MS)
))
(c:/texlive/2020/texmf-dist/tex/generic/pgf/utilities/pgfrcs.code.tex
(c:/texlive/2020/texmf-dist/tex/generic/pgf/pgf.revision.tex)
Package: pgfrcs 2020/01/08 v3.1.5b (3.1.5b)
))
Package: pgf 2020/01/08 v3.1.5b (3.1.5b)

(c:/texlive/2020/texmf-dist/tex/latex/pgf/basiclayer/pgfcore.sty
(c:/texlive/2020/texmf-dist/tex/latex/pgf/systemlayer/pgfsys.sty
(c:/texlive/2020/texmf-dist/tex/generic/pgf/systemlayer/pgfsys.code.tex
Package: pgfsys 2020/01/08 v3.1.5b (3.1.5b)

(c:/texlive/2020/texmf-dist/tex/generic/pgf/utilities/pgfkeys.code.tex
\pgfkeys@pathtoks=\toks32
\pgfkeys@temptoks=\toks33

(c:/texlive/2020/texmf-dist/tex/generic/pgf/utilities/pgfkeysfiltered.code.tex
\pgfkeys@tmptoks=\toks34
))
\pgf@x=\dimen312
\pgf@y=\dimen313
\pgf@xa=\dimen314
\pgf@ya=\dimen315
\pgf@xb=\dimen316
\pgf@yb=\dimen317
\pgf@xc=\dimen318
\pgf@yc=\dimen319
\pgf@xd=\dimen320
\pgf@yd=\dimen321
\w@pgf@writea=\write4
\r@pgf@reada=\read2
\c@pgf@counta=\count365
\c@pgf@countb=\count366
\c@pgf@countc=\count367
\c@pgf@countd=\count368
\t@pgf@toka=\toks35
\t@pgf@tokb=\toks36
\t@pgf@tokc=\toks37
\pgf@sys@id@count=\count369
 (c:/texlive/2020/texmf-dist/tex/generic/pgf/systemlayer/pgf.cfg
File: pgf.cfg 2020/01/08 v3.1.5b (3.1.5b)
)
Driver file for pgf: pgfsys-xetex.def

(c:/texlive/2020/texmf-dist/tex/generic/pgf/systemlayer/pgfsys-xetex.def
File: pgfsys-xetex.def 2020/01/08 v3.1.5b (3.1.5b)

(c:/texlive/2020/texmf-dist/tex/generic/pgf/systemlayer/pgfsys-dvipdfmx.def
File: pgfsys-dvipdfmx.def 2020/01/08 v3.1.5b (3.1.5b)

(c:/texlive/2020/texmf-dist/tex/generic/pgf/systemlayer/pgfsys-common-pdf.def
File: pgfsys-common-pdf.def 2020/01/08 v3.1.5b (3.1.5b)
)
\pgfsys@objnum=\count370
)))
(c:/texlive/2020/texmf-dist/tex/generic/pgf/systemlayer/pgfsyssoftpath.code.tex
File: pgfsyssoftpath.code.tex 2020/01/08 v3.1.5b (3.1.5b)
\pgfsyssoftpath@smallbuffer@items=\count371
\pgfsyssoftpath@bigbuffer@items=\count372
)
(c:/texlive/2020/texmf-dist/tex/generic/pgf/systemlayer/pgfsysprotocol.code.tex
File: pgfsysprotocol.code.tex 2020/01/08 v3.1.5b (3.1.5b)
)) (c:/texlive/2020/texmf-dist/tex/generic/pgf/basiclayer/pgfcore.code.tex
Package: pgfcore 2020/01/08 v3.1.5b (3.1.5b)

(c:/texlive/2020/texmf-dist/tex/generic/pgf/math/pgfmath.code.tex
(c:/texlive/2020/texmf-dist/tex/generic/pgf/math/pgfmathcalc.code.tex
(c:/texlive/2020/texmf-dist/tex/generic/pgf/math/pgfmathutil.code.tex)
(c:/texlive/2020/texmf-dist/tex/generic/pgf/math/pgfmathparser.code.tex
\pgfmath@dimen=\dimen322
\pgfmath@count=\count373
\pgfmath@box=\box123
\pgfmath@toks=\toks38
\pgfmath@stack@operand=\toks39
\pgfmath@stack@operation=\toks40
)
(c:/texlive/2020/texmf-dist/tex/generic/pgf/math/pgfmathfunctions.code.tex
(c:/texlive/2020/texmf-dist/tex/generic/pgf/math/pgfmathfunctions.basic.code.te
x)
(c:/texlive/2020/texmf-dist/tex/generic/pgf/math/pgfmathfunctions.trigonometric
.code.tex)
(c:/texlive/2020/texmf-dist/tex/generic/pgf/math/pgfmathfunctions.random.code.t
ex)
(c:/texlive/2020/texmf-dist/tex/generic/pgf/math/pgfmathfunctions.comparison.co
de.tex)
(c:/texlive/2020/texmf-dist/tex/generic/pgf/math/pgfmathfunctions.base.code.tex
)
(c:/texlive/2020/texmf-dist/tex/generic/pgf/math/pgfmathfunctions.round.code.te
x)
(c:/texlive/2020/texmf-dist/tex/generic/pgf/math/pgfmathfunctions.misc.code.tex
)
(c:/texlive/2020/texmf-dist/tex/generic/pgf/math/pgfmathfunctions.integerarithm
etics.code.tex)))
(c:/texlive/2020/texmf-dist/tex/generic/pgf/math/pgfmathfloat.code.tex
\c@pgfmathroundto@lastzeros=\count374
))
(c:/texlive/2020/texmf-dist/tex/generic/pgf/math/pgfint.code.tex)
(c:/texlive/2020/texmf-dist/tex/generic/pgf/basiclayer/pgfcorepoints.code.tex
File: pgfcorepoints.code.tex 2020/01/08 v3.1.5b (3.1.5b)
\pgf@picminx=\dimen323
\pgf@picmaxx=\dimen324
\pgf@picminy=\dimen325
\pgf@picmaxy=\dimen326
\pgf@pathminx=\dimen327
\pgf@pathmaxx=\dimen328
\pgf@pathminy=\dimen329
\pgf@pathmaxy=\dimen330
\pgf@xx=\dimen331
\pgf@xy=\dimen332
\pgf@yx=\dimen333
\pgf@yy=\dimen334
\pgf@zx=\dimen335
\pgf@zy=\dimen336
)
(c:/texlive/2020/texmf-dist/tex/generic/pgf/basiclayer/pgfcorepathconstruct.cod
e.tex
File: pgfcorepathconstruct.code.tex 2020/01/08 v3.1.5b (3.1.5b)
\pgf@path@lastx=\dimen337
\pgf@path@lasty=\dimen338
)
(c:/texlive/2020/texmf-dist/tex/generic/pgf/basiclayer/pgfcorepathusage.code.te
x
File: pgfcorepathusage.code.tex 2020/01/08 v3.1.5b (3.1.5b)
\pgf@shorten@end@additional=\dimen339
\pgf@shorten@start@additional=\dimen340
)
(c:/texlive/2020/texmf-dist/tex/generic/pgf/basiclayer/pgfcorescopes.code.tex
File: pgfcorescopes.code.tex 2020/01/08 v3.1.5b (3.1.5b)
\pgfpic=\box124
\pgf@hbox=\box125
\pgf@layerbox@main=\box126
\pgf@picture@serial@count=\count375
)
(c:/texlive/2020/texmf-dist/tex/generic/pgf/basiclayer/pgfcoregraphicstate.code
.tex
File: pgfcoregraphicstate.code.tex 2020/01/08 v3.1.5b (3.1.5b)
\pgflinewidth=\dimen341
)
(c:/texlive/2020/texmf-dist/tex/generic/pgf/basiclayer/pgfcoretransformations.c
ode.tex
File: pgfcoretransformations.code.tex 2020/01/08 v3.1.5b (3.1.5b)
\pgf@pt@x=\dimen342
\pgf@pt@y=\dimen343
\pgf@pt@temp=\dimen344
)
(c:/texlive/2020/texmf-dist/tex/generic/pgf/basiclayer/pgfcorequick.code.tex
File: pgfcorequick.code.tex 2020/01/08 v3.1.5b (3.1.5b)
)
(c:/texlive/2020/texmf-dist/tex/generic/pgf/basiclayer/pgfcoreobjects.code.tex
File: pgfcoreobjects.code.tex 2020/01/08 v3.1.5b (3.1.5b)
)
(c:/texlive/2020/texmf-dist/tex/generic/pgf/basiclayer/pgfcorepathprocessing.co
de.tex
File: pgfcorepathprocessing.code.tex 2020/01/08 v3.1.5b (3.1.5b)
)
(c:/texlive/2020/texmf-dist/tex/generic/pgf/basiclayer/pgfcorearrows.code.tex
File: pgfcorearrows.code.tex 2020/01/08 v3.1.5b (3.1.5b)
\pgfarrowsep=\dimen345
)
(c:/texlive/2020/texmf-dist/tex/generic/pgf/basiclayer/pgfcoreshade.code.tex
File: pgfcoreshade.code.tex 2020/01/08 v3.1.5b (3.1.5b)
\pgf@max=\dimen346
\pgf@sys@shading@range@num=\count376
\pgf@shadingcount=\count377
)
(c:/texlive/2020/texmf-dist/tex/generic/pgf/basiclayer/pgfcoreimage.code.tex
File: pgfcoreimage.code.tex 2020/01/08 v3.1.5b (3.1.5b)

(c:/texlive/2020/texmf-dist/tex/generic/pgf/basiclayer/pgfcoreexternal.code.tex
File: pgfcoreexternal.code.tex 2020/01/08 v3.1.5b (3.1.5b)
\pgfexternal@startupbox=\box127
))
(c:/texlive/2020/texmf-dist/tex/generic/pgf/basiclayer/pgfcorelayers.code.tex
File: pgfcorelayers.code.tex 2020/01/08 v3.1.5b (3.1.5b)
)
(c:/texlive/2020/texmf-dist/tex/generic/pgf/basiclayer/pgfcoretransparency.code
.tex
File: pgfcoretransparency.code.tex 2020/01/08 v3.1.5b (3.1.5b)
)
(c:/texlive/2020/texmf-dist/tex/generic/pgf/basiclayer/pgfcorepatterns.code.tex
File: pgfcorepatterns.code.tex 2020/01/08 v3.1.5b (3.1.5b)
) (c:/texlive/2020/texmf-dist/tex/generic/pgf/basiclayer/pgfcorerdf.code.tex
File: pgfcorerdf.code.tex 2020/01/08 v3.1.5b (3.1.5b)
))) (c:/texlive/2020/texmf-dist/tex/generic/pgf/modules/pgfmoduleshapes.code.te
x
File: pgfmoduleshapes.code.tex 2020/01/08 v3.1.5b (3.1.5b)
\pgfnodeparttextbox=\box128
)
(c:/texlive/2020/texmf-dist/tex/generic/pgf/modules/pgfmoduleplot.code.tex
File: pgfmoduleplot.code.tex 2020/01/08 v3.1.5b (3.1.5b)
)
(c:/texlive/2020/texmf-dist/tex/latex/pgf/compatibility/pgfcomp-version-0-65.st
y
Package: pgfcomp-version-0-65 2020/01/08 v3.1.5b (3.1.5b)
\pgf@nodesepstart=\dimen347
\pgf@nodesepend=\dimen348
)
(c:/texlive/2020/texmf-dist/tex/latex/pgf/compatibility/pgfcomp-version-1-18.st
y
Package: pgfcomp-version-1-18 2020/01/08 v3.1.5b (3.1.5b)
)) (c:/texlive/2020/texmf-dist/tex/latex/pgf/utilities/pgffor.sty
(c:/texlive/2020/texmf-dist/tex/latex/pgf/utilities/pgfkeys.sty
(c:/texlive/2020/texmf-dist/tex/generic/pgf/utilities/pgfkeys.code.tex))
(c:/texlive/2020/texmf-dist/tex/latex/pgf/math/pgfmath.sty
(c:/texlive/2020/texmf-dist/tex/generic/pgf/math/pgfmath.code.tex))
(c:/texlive/2020/texmf-dist/tex/generic/pgf/utilities/pgffor.code.tex
Package: pgffor 2020/01/08 v3.1.5b (3.1.5b)

(c:/texlive/2020/texmf-dist/tex/generic/pgf/math/pgfmath.code.tex)
\pgffor@iter=\dimen349
\pgffor@skip=\dimen350
\pgffor@stack=\toks41
\pgffor@toks=\toks42
))
(c:/texlive/2020/texmf-dist/tex/generic/pgf/frontendlayer/tikz/tikz.code.tex
Package: tikz 2020/01/08 v3.1.5b (3.1.5b)

(c:/texlive/2020/texmf-dist/tex/generic/pgf/libraries/pgflibraryplothandlers.co
de.tex
File: pgflibraryplothandlers.code.tex 2020/01/08 v3.1.5b (3.1.5b)
\pgf@plot@mark@count=\count378
\pgfplotmarksize=\dimen351
)
\tikz@lastx=\dimen352
\tikz@lasty=\dimen353
\tikz@lastxsaved=\dimen354
\tikz@lastysaved=\dimen355
\tikz@lastmovetox=\dimen356
\tikz@lastmovetoy=\dimen357
\tikzleveldistance=\dimen358
\tikzsiblingdistance=\dimen359
\tikz@figbox=\box129
\tikz@figbox@bg=\box130
\tikz@tempbox=\box131
\tikz@tempbox@bg=\box132
\tikztreelevel=\count379
\tikznumberofchildren=\count380
\tikznumberofcurrentchild=\count381
\tikz@fig@count=\count382

(c:/texlive/2020/texmf-dist/tex/generic/pgf/modules/pgfmodulematrix.code.tex
File: pgfmodulematrix.code.tex 2020/01/08 v3.1.5b (3.1.5b)
\pgfmatrixcurrentrow=\count383
\pgfmatrixcurrentcolumn=\count384
\pgf@matrix@numberofcolumns=\count385
)
\tikz@expandcount=\count386

(c:/texlive/2020/texmf-dist/tex/generic/pgf/frontendlayer/tikz/libraries/tikzli
brarytopaths.code.tex
File: tikzlibrarytopaths.code.tex 2020/01/08 v3.1.5b (3.1.5b)
)))
(c:/texlive/2020/texmf-dist/tex/xelatex/xecjk/xeCJK-listings.sty
Package: xeCJK-listings 2020/02/18 v3.8.2 xeCJK patch file for listings
\l__xeCJK_listings_max_char_int=\count387
\l__xeCJK_listings_flag_int=\count388
)
(./example.aux

LaTeX Warning: Label `' multiply defined.


LaTeX Warning: Label `' multiply defined.


LaTeX Warning: Label `' multiply defined.

)
\openout1 = `example.aux'.

LaTeX Font Info:    Checking defaults for OML/cmm/m/it on input line 119.
LaTeX Font Info:    ... okay on input line 119.
LaTeX Font Info:    Checking defaults for OMS/cmsy/m/n on input line 119.
LaTeX Font Info:    ... okay on input line 119.
LaTeX Font Info:    Checking defaults for OT1/cmr/m/n on input line 119.
LaTeX Font Info:    ... okay on input line 119.
LaTeX Font Info:    Checking defaults for T1/cmr/m/n on input line 119.
LaTeX Font Info:    ... okay on input line 119.
LaTeX Font Info:    Checking defaults for TS1/cmr/m/n on input line 119.
LaTeX Font Info:    ... okay on input line 119.
LaTeX Font Info:    Checking defaults for TU/lmr/m/n on input line 119.
LaTeX Font Info:    ... okay on input line 119.
LaTeX Font Info:    Checking defaults for OMX/cmex/m/n on input line 119.
LaTeX Font Info:    ... okay on input line 119.
LaTeX Font Info:    Checking defaults for U/cmr/m/n on input line 119.
LaTeX Font Info:    ... okay on input line 119.
LaTeX Font Info:    Checking defaults for PD1/pdf/m/n on input line 119.
LaTeX Font Info:    ... okay on input line 119.
LaTeX Font Info:    Checking defaults for PU/pdf/m/n on input line 119.
LaTeX Font Info:    ... okay on input line 119.
 ABD: EverySelectfont initializing macros
LaTeX Info: Redefining \selectfont on input line 119.

Package fontspec Info: Adjusting the maths setup (use [no-math] to avoid
(fontspec)             this).

\symlegacymaths=\mathgroup9
LaTeX Font Info:    Overwriting symbol font `legacymaths' in version `bold'
(Font)                  OT1/cmr/m/n --> OT1/cmr/bx/n on input line 119.
LaTeX Font Info:    Redeclaring math accent \acute on input line 119.
LaTeX Font Info:    Redeclaring math accent \grave on input line 119.
LaTeX Font Info:    Redeclaring math accent \ddot on input line 119.
LaTeX Font Info:    Redeclaring math accent \tilde on input line 119.
LaTeX Font Info:    Redeclaring math accent \bar on input line 119.
LaTeX Font Info:    Redeclaring math accent \breve on input line 119.
LaTeX Font Info:    Redeclaring math accent \check on input line 119.
LaTeX Font Info:    Redeclaring math accent \hat on input line 119.
LaTeX Font Info:    Redeclaring math accent \dot on input line 119.
LaTeX Font Info:    Redeclaring math accent \mathring on input line 119.
LaTeX Font Info:    Redeclaring math symbol \Gamma on input line 119.
LaTeX Font Info:    Redeclaring math symbol \Delta on input line 119.
LaTeX Font Info:    Redeclaring math symbol \Theta on input line 119.
LaTeX Font Info:    Redeclaring math symbol \Lambda on input line 119.
LaTeX Font Info:    Redeclaring math symbol \Xi on input line 119.
LaTeX Font Info:    Redeclaring math symbol \Pi on input line 119.
LaTeX Font Info:    Redeclaring math symbol \Sigma on input line 119.
LaTeX Font Info:    Redeclaring math symbol \Upsilon on input line 119.
LaTeX Font Info:    Redeclaring math symbol \Phi on input line 119.
LaTeX Font Info:    Redeclaring math symbol \Psi on input line 119.
LaTeX Font Info:    Redeclaring math symbol \Omega on input line 119.
LaTeX Font Info:    Redeclaring math symbol \mathdollar on input line 119.
LaTeX Font Info:    Redeclaring symbol font `operators' on input line 119.
LaTeX Font Info:    Encoding `OT1' has changed to `TU' for symbol font
(Font)              `operators' in the math version `normal' on input line 119.

LaTeX Font Info:    Overwriting symbol font `operators' in version `normal'
(Font)                  OT1/cmr/m/n --> TU/TimesNewRoman(0)/m/n on input line 1
19.
LaTeX Font Info:    Encoding `OT1' has changed to `TU' for symbol font
(Font)              `operators' in the math version `bold' on input line 119.
LaTeX Font Info:    Overwriting symbol font `operators' in version `bold'
(Font)                  OT1/cmr/bx/n --> TU/TimesNewRoman(0)/m/n on input line 
119.
LaTeX Font Info:    Overwriting symbol font `operators' in version `normal'
(Font)                  TU/TimesNewRoman(0)/m/n --> TU/TimesNewRoman(0)/m/n on 
input line 119.
LaTeX Font Info:    Overwriting math alphabet `\mathit' in version `normal'
(Font)                  OT1/cmr/m/it --> TU/TimesNewRoman(0)/m/it on input line
 119.
LaTeX Font Info:    Overwriting math alphabet `\mathbf' in version `normal'
(Font)                  OT1/cmr/bx/n --> TU/TimesNewRoman(0)/b/n on input line 
119.
LaTeX Font Info:    Overwriting math alphabet `\mathsf' in version `normal'
(Font)                  OT1/cmss/m/n --> TU/Arial(0)/m/n on input line 119.
LaTeX Font Info:    Overwriting math alphabet `\mathtt' in version `normal'
(Font)                  OT1/cmtt/m/n --> TU/lmtt/m/n on input line 119.
LaTeX Font Info:    Overwriting symbol font `operators' in version `bold'
(Font)                  TU/TimesNewRoman(0)/m/n --> TU/TimesNewRoman(0)/b/n on 
input line 119.
LaTeX Font Info:    Overwriting math alphabet `\mathit' in version `bold'
(Font)                  OT1/cmr/bx/it --> TU/TimesNewRoman(0)/b/it on input lin
e 119.
LaTeX Font Info:    Overwriting math alphabet `\mathsf' in version `bold'
(Font)                  OT1/cmss/bx/n --> TU/Arial(0)/b/n on input line 119.
LaTeX Font Info:    Overwriting math alphabet `\mathtt' in version `bold'
(Font)                  OT1/cmtt/m/n --> TU/lmtt/b/n on input line 119.

*geometry* driver: auto-detecting
*geometry* detected driver: xetex
*geometry* verbose mode - [ preamble ] result:
* driver: xetex
* paper: <default>
* layout: <same size as paper>
* layoutoffset:(h,v)=(0.0pt,0.0pt)
* modes: 
* h-part:(L,W,R)=(85.35826pt, 455.24411pt, 56.9055pt)
* v-part:(T,H,B)=(85.35826pt, 688.5567pt, 71.13188pt)
* \paperwidth=597.50787pt
* \paperheight=845.04684pt
* \textwidth=455.24411pt
* \textheight=688.5567pt
* \oddsidemargin=13.08827pt
* \evensidemargin=13.08827pt
* \topmargin=-23.91173pt
* \headheight=12.0pt
* \headsep=25.0pt
* \topskip=12.0pt
* \footskip=30.0pt
* \marginparwidth=35.0pt
* \marginparsep=10.0pt
* \columnsep=10.0pt
* \skip\footins=10.8pt plus 4.0pt minus 2.0pt
* \hoffset=0.0pt
* \voffset=0.0pt
* \mag=1000
* \@twocolumnfalse
* \@twosidefalse
* \@mparswitchfalse
* \@reversemarginfalse
* (1in=72.27pt=25.4mm, 1cm=28.453pt)

\c@lstlisting=\count389
Package caption Info: Begin \AtBeginDocument code.
Package caption Info: hyperref package is loaded.
Package caption Info: threeparttable package is loaded.
Package caption Info: End \AtBeginDocument code.
\AtBeginShipoutBox=\box133
Package hyperref Info: Link coloring ON on input line 119.
(c:/texlive/2020/texmf-dist/tex/latex/hyperref/nameref.sty
Package: nameref 2019/09/16 v2.46 Cross-referencing by name of section

(c:/texlive/2020/texmf-dist/tex/latex/refcount/refcount.sty
Package: refcount 2019/12/15 v3.6 Data extraction from label references (HO)
)
(c:/texlive/2020/texmf-dist/tex/generic/gettitlestring/gettitlestring.sty
Package: gettitlestring 2019/12/15 v1.6 Cleanup title references (HO)
)
\c@section@level=\count390
)
LaTeX Info: Redefining \ref on input line 119.
LaTeX Info: Redefining \pageref on input line 119.
LaTeX Info: Redefining \nameref on input line 119.

(./example.out) (./example.out)
\@outlinefile=\write5
\openout5 = `example.out'.

 ABD: EveryShipout initializing macros
File: figures/logo.jpg Graphic file (type bmp)
<figures/logo.jpg>
File: figures/logo.jpg Graphic file (type bmp)
<figures/logo.jpg>

Package fontspec Info: Could not resolve font "SimHei/I" (it probably doesn't
(fontspec)             exist).


Package fontspec Info: Could not resolve font "SimHei/BI" (it probably doesn't
(fontspec)             exist).


Package fontspec Info: Could not resolve font "SimHei/I" (it probably doesn't
(fontspec)             exist).


Package fontspec Info: Font family 'SimHei(0)' created for font 'SimHei' with
(fontspec)             options [Script={CJK},AutoFakeBold={2.17}].
(fontspec)              
(fontspec)              This font family consists of the following NFSS
(fontspec)             series/shapes:
(fontspec)              
(fontspec)             - 'normal' (m/n) with NFSS spec.:
(fontspec)             <->"SimHei/OT:script=hani;language=dflt;"
(fontspec)             - 'small caps'  (m/sc) with NFSS spec.: 
(fontspec)             - 'bold' (b/n) with NFSS spec.:
(fontspec)             <->"SimHei/OT:script=hani;language=dflt;embolden=2.17;"
(fontspec)             - 'bold small caps'  (b/sc) with NFSS spec.: 

LaTeX Font Info:    Trying to load font information for U+msa on input line 167
.

(c:/texlive/2020/texmf-dist/tex/latex/amsfonts/umsa.fd
File: umsa.fd 2013/01/14 v3.01 AMS symbols A
)
LaTeX Font Info:    Trying to load font information for U+msb on input line 167
.

(c:/texlive/2020/texmf-dist/tex/latex/amsfonts/umsb.fd
File: umsb.fd 2013/01/14 v3.01 AMS symbols B
)
Underfull \hbox (badness 10000) detected at line 169
\TU/SimHei(0)/b/n/16.06  
 []


Underfull \hbox (badness 10000) detected at line 170
\TU/SimHei(0)/b/n/16.06  
 []


Underfull \hbox (badness 10000) detected at line 172
\TU/SimHei(0)/b/n/16.06  
 []

[1

] [2] [3] [4]
Underfull \hbox (badness 10000) in paragraph at lines 232--233

 []

[5] [6]
Overfull \hbox (2.12738pt too wide) in paragraph at lines 252--253
[]\TU/TimesNewRoman(0)/m/n/12.045 In academic circles, there is a legend of a m
ysterious creature called the plagiarism-reducing
 []


Underfull \hbox (badness 10000) in paragraph at lines 254--255

 []

[7] [8] (./example.toc

Package fontspec Info: Could not resolve font "SimSun/BI" (it probably doesn't
(fontspec)             exist).


Package fontspec Info: Could not resolve font "SimSun/B" (it probably doesn't
(fontspec)             exist).


Package fontspec Info: Could not resolve font "SimSun/I" (it probably doesn't
(fontspec)             exist).


Package fontspec Info: Font family 'SimSun(1)' created for font 'SimSun' with
(fontspec)             options [Script={CJK}].
(fontspec)              
(fontspec)              This font family consists of the following NFSS
(fontspec)             series/shapes:
(fontspec)              
(fontspec)             - 'normal' (m/n) with NFSS spec.:
(fontspec)             <->"SimSun/OT:script=hani;language=dflt;"
(fontspec)             - 'small caps'  (m/sc) with NFSS spec.: 

)
\tf@toc=\write6
\openout6 = `example.toc'.

 [9]

Package hyperref Warning: Token not allowed in a PDF string (Unicode):
(hyperref)                removing `\leavevmode@ifvmode' on input line 289.


Package hyperref Warning: Token not allowed in a PDF string (Unicode):
(hyperref)                \kern 2.00792pt
(hyperref)                removed on input line 289.


Package hyperref Warning: Token not allowed in a PDF string (Unicode):
(hyperref)                removing `\leavevmode@ifvmode' on input line 289.


Package hyperref Warning: Token not allowed in a PDF string (Unicode):
(hyperref)                \kern 2.00792pt
(hyperref)                removed on input line 289.


Package hyperref Warning: Token not allowed in a PDF string (Unicode):
(hyperref)                removing `\leavevmode@ifvmode' on input line 291.


Package hyperref Warning: Token not allowed in a PDF string (Unicode):
(hyperref)                \kern 2.00792pt
(hyperref)                removed on input line 291.


Package hyperref Warning: Token not allowed in a PDF string (Unicode):
(hyperref)                removing `\leavevmode@ifvmode' on input line 291.


Package hyperref Warning: Token not allowed in a PDF string (Unicode):
(hyperref)                \kern 2.00792pt
(hyperref)                removed on input line 291.


Package hyperref Warning: Token not allowed in a PDF string (Unicode):
(hyperref)                removing `\leavevmode@ifvmode' on input line 291.


Package hyperref Warning: Token not allowed in a PDF string (Unicode):
(hyperref)                \kern 2.00792pt
(hyperref)                removed on input line 291.


Package hyperref Warning: Token not allowed in a PDF string (Unicode):
(hyperref)                removing `\leavevmode@ifvmode' on input line 291.


Package hyperref Warning: Token not allowed in a PDF string (Unicode):
(hyperref)                \kern 2.00792pt
(hyperref)                removed on input line 291.


Package hyperref Warning: Token not allowed in a PDF string (Unicode):
(hyperref)                removing `\leavevmode@ifvmode' on input line 298.


Package hyperref Warning: Token not allowed in a PDF string (Unicode):
(hyperref)                \kern 2.00792pt
(hyperref)                removed on input line 298.


Package hyperref Warning: Token not allowed in a PDF string (Unicode):
(hyperref)                removing `\leavevmode@ifvmode' on input line 298.


Package hyperref Warning: Token not allowed in a PDF string (Unicode):
(hyperref)                \kern 2.00792pt
(hyperref)                removed on input line 298.


Package hyperref Warning: Token not allowed in a PDF string (Unicode):
(hyperref)                removing `\leavevmode@ifvmode' on input line 298.


Package hyperref Warning: Token not allowed in a PDF string (Unicode):
(hyperref)                \kern 2.00792pt
(hyperref)                removed on input line 298.


Package hyperref Warning: Token not allowed in a PDF string (Unicode):
(hyperref)                removing `\leavevmode@ifvmode' on input line 298.


Package hyperref Warning: Token not allowed in a PDF string (Unicode):
(hyperref)                \kern 2.00792pt
(hyperref)                removed on input line 298.


Package hyperref Warning: Token not allowed in a PDF string (Unicode):
(hyperref)                removing `\leavevmode@ifvmode' on input line 303.


Package hyperref Warning: Token not allowed in a PDF string (Unicode):
(hyperref)                \kern 2.00792pt
(hyperref)                removed on input line 303.


Package hyperref Warning: Token not allowed in a PDF string (Unicode):
(hyperref)                removing `\leavevmode@ifvmode' on input line 303.


Package hyperref Warning: Token not allowed in a PDF string (Unicode):
(hyperref)                \kern 2.00792pt
(hyperref)                removed on input line 303.


Package hyperref Warning: Token not allowed in a PDF string (Unicode):
(hyperref)                removing `\leavevmode@ifvmode' on input line 303.


Package hyperref Warning: Token not allowed in a PDF string (Unicode):
(hyperref)                \kern 2.00792pt
(hyperref)                removed on input line 303.


Package hyperref Warning: Token not allowed in a PDF string (Unicode):
(hyperref)                removing `\leavevmode@ifvmode' on input line 303.


Package hyperref Warning: Token not allowed in a PDF string (Unicode):
(hyperref)                \kern 2.00792pt
(hyperref)                removed on input line 303.


Package hyperref Warning: Token not allowed in a PDF string (Unicode):
(hyperref)                removing `\leavevmode@ifvmode' on input line 318.


Package hyperref Warning: Token not allowed in a PDF string (Unicode):
(hyperref)                \kern 2.00792pt
(hyperref)                removed on input line 318.


Package hyperref Warning: Token not allowed in a PDF string (Unicode):
(hyperref)                removing `\leavevmode@ifvmode' on input line 318.


Package hyperref Warning: Token not allowed in a PDF string (Unicode):
(hyperref)                \kern 2.00792pt
(hyperref)                removed on input line 318.


Package hyperref Warning: Token not allowed in a PDF string (Unicode):
(hyperref)                removing `\leavevmode@ifvmode' on input line 318.


Package hyperref Warning: Token not allowed in a PDF string (Unicode):
(hyperref)                \kern 2.00792pt
(hyperref)                removed on input line 318.


Package hyperref Warning: Token not allowed in a PDF string (Unicode):
(hyperref)                removing `\leavevmode@ifvmode' on input line 318.


Package hyperref Warning: Token not allowed in a PDF string (Unicode):
(hyperref)                \kern 2.00792pt
(hyperref)                removed on input line 318.

[1]

Package hyperref Warning: Token not allowed in a PDF string (Unicode):
(hyperref)                removing `\leavevmode@ifvmode' on input line 339.


Package hyperref Warning: Token not allowed in a PDF string (Unicode):
(hyperref)                \kern 2.00792pt
(hyperref)                removed on input line 339.


Package hyperref Warning: Token not allowed in a PDF string (Unicode):
(hyperref)                removing `\leavevmode@ifvmode' on input line 339.


Package hyperref Warning: Token not allowed in a PDF string (Unicode):
(hyperref)                \kern 2.00792pt
(hyperref)                removed on input line 339.


Package hyperref Warning: Token not allowed in a PDF string (Unicode):
(hyperref)                removing `\leavevmode@ifvmode' on input line 344.


Package hyperref Warning: Token not allowed in a PDF string (Unicode):
(hyperref)                \kern 2.00792pt
(hyperref)                removed on input line 344.


Package hyperref Warning: Token not allowed in a PDF string (Unicode):
(hyperref)                removing `\leavevmode@ifvmode' on input line 344.


Package hyperref Warning: Token not allowed in a PDF string (Unicode):
(hyperref)                \kern 2.00792pt
(hyperref)                removed on input line 344.

[2]

Package hyperref Warning: Token not allowed in a PDF string (Unicode):
(hyperref)                removing `\leavevmode@ifvmode' on input line 359.


Package hyperref Warning: Token not allowed in a PDF string (Unicode):
(hyperref)                \kern 2.00792pt
(hyperref)                removed on input line 359.


Package hyperref Warning: Token not allowed in a PDF string (Unicode):
(hyperref)                removing `\leavevmode@ifvmode' on input line 359.


Package hyperref Warning: Token not allowed in a PDF string (Unicode):
(hyperref)                \kern 2.00792pt
(hyperref)                removed on input line 359.


Package hyperref Warning: Token not allowed in a PDF string (Unicode):
(hyperref)                removing `\leavevmode@ifvmode' on input line 361.


Package hyperref Warning: Token not allowed in a PDF string (Unicode):
(hyperref)                \kern 2.00792pt
(hyperref)                removed on input line 361.


Package hyperref Warning: Token not allowed in a PDF string (Unicode):
(hyperref)                removing `\leavevmode@ifvmode' on input line 361.


Package hyperref Warning: Token not allowed in a PDF string (Unicode):
(hyperref)                \kern 2.00792pt
(hyperref)                removed on input line 361.


Package hyperref Warning: Token not allowed in a PDF string (Unicode):
(hyperref)                removing `\leavevmode@ifvmode' on input line 361.


Package hyperref Warning: Token not allowed in a PDF string (Unicode):
(hyperref)                \kern 2.00792pt
(hyperref)                removed on input line 361.


Package hyperref Warning: Token not allowed in a PDF string (Unicode):
(hyperref)                removing `\leavevmode@ifvmode' on input line 361.


Package hyperref Warning: Token not allowed in a PDF string (Unicode):
(hyperref)                \kern 2.00792pt
(hyperref)                removed on input line 361.

[3]
File: figures/AI.jpg Graphic file (type bmp)
<figures/AI.jpg>
 [4]

Package fontspec Info: Could not resolve font "FangSong/BI" (it probably
(fontspec)             doesn't exist).


Package fontspec Info: Could not resolve font "FangSong/B" (it probably
(fontspec)             doesn't exist).


Package fontspec Info: Could not resolve font "FangSong/I" (it probably
(fontspec)             doesn't exist).


Package fontspec Info: Font family 'FangSong(0)' created for font 'FangSong'
(fontspec)             with options [Script={CJK}].
(fontspec)              
(fontspec)              This font family consists of the following NFSS
(fontspec)             series/shapes:
(fontspec)              
(fontspec)             - 'normal' (m/n) with NFSS spec.:
(fontspec)             <->"FangSong/OT:script=hani;language=dflt;"
(fontspec)             - 'small caps'  (m/sc) with NFSS spec.: 

LaTeX Font Info:    Calculating math sizes for size <12.05> on input line 510.
 [5] [6] (./example.bbl) [7] [8]
Overfull \hbox (1.21399pt too wide) in paragraph at lines 602--602
[]|\TU/TimesNewRoman(0)/m/n/7.52812 37.5| 
 []


Overfull \hbox (1.21399pt too wide) in paragraph at lines 602--602
[]|\TU/TimesNewRoman(0)/m/n/7.52812 71.2| 
 []


Overfull \hbox (1.21399pt too wide) in paragraph at lines 602--602
[]|\TU/TimesNewRoman(0)/m/n/7.52812 73.8| 
 []


Overfull \hbox (1.21399pt too wide) in paragraph at lines 602--602
[]|\TU/TimesNewRoman(0)/m/n/7.52812 78.8| 
 []


Overfull \hbox (1.21399pt too wide) in paragraph at lines 602--602
[]|\TU/TimesNewRoman(0)/m/n/7.52812 17.8| 
 []


Overfull \hbox (1.21399pt too wide) in paragraph at lines 602--602
[]|\TU/TimesNewRoman(0)/m/n/7.52812 18.2| 
 []


Overfull \hbox (1.21399pt too wide) in paragraph at lines 602--602
[]|\TU/TimesNewRoman(0)/m/n/7.52812 77.5| 
 []


Overfull \hbox (1.21399pt too wide) in paragraph at lines 602--602
[]|\TU/TimesNewRoman(0)/m/n/7.52812 33.3| 
 []


Overfull \hbox (1.21399pt too wide) in paragraph at lines 602--602
[]|\TU/TimesNewRoman(0)/m/n/7.52812 13.5| 
 []


Overfull \hbox (1.21399pt too wide) in paragraph at lines 602--602
[]|\TU/TimesNewRoman(0)/m/n/7.52812 18.3| 
 []


Overfull \hbox (1.21399pt too wide) in paragraph at lines 602--602
[]|\TU/TimesNewRoman(0)/m/n/7.52812 12.5| 
 []


Overfull \hbox (1.21399pt too wide) in paragraph at lines 602--602
[]|\TU/TimesNewRoman(0)/m/n/7.52812 72.3| 
 []


Overfull \hbox (4.97806pt too wide) in paragraph at lines 602--602
[]|\TU/TimesNewRoman(0)/m/n/7.52812 312.4| 
 []


Overfull \hbox (2.46378pt too wide) in paragraph at lines 602--602
[]|\TU/TimesNewRoman(0)/m/n/7.52812 (3.3)| 
 []


Overfull \hbox (2.46378pt too wide) in paragraph at lines 602--602
[]|\TU/TimesNewRoman(0)/m/n/7.52812 (7.5)| 
 []


Overfull \hbox (2.46378pt too wide) in paragraph at lines 602--602
[]|\TU/TimesNewRoman(0)/m/n/7.52812 (1.1)| 
 []


Overfull \hbox (2.46378pt too wide) in paragraph at lines 602--602
[]|\TU/TimesNewRoman(0)/m/n/7.52812 (3.3)| 
 []


Overfull \hbox (2.46378pt too wide) in paragraph at lines 602--602
[]|\TU/TimesNewRoman(0)/m/n/7.52812 (1.3)| 
 []


Overfull \hbox (2.46378pt too wide) in paragraph at lines 602--602
[]|\TU/TimesNewRoman(0)/m/n/7.52812 (3.5)| 
 []


Overfull \hbox (2.46378pt too wide) in paragraph at lines 602--602
[]|\TU/TimesNewRoman(0)/m/n/7.52812 (5.3)| 
 []


Overfull \hbox (2.46378pt too wide) in paragraph at lines 602--602
[]|\TU/TimesNewRoman(0)/m/n/7.52812 (1.1)| 
 []


Overfull \hbox (2.46378pt too wide) in paragraph at lines 602--602
[]|\TU/TimesNewRoman(0)/m/n/7.52812 (3.1)| 
 []


Overfull \hbox (2.46378pt too wide) in paragraph at lines 602--602
[]|\TU/TimesNewRoman(0)/m/n/7.52812 (1.7)| 
 []


Overfull \hbox (2.46378pt too wide) in paragraph at lines 602--602
[]|\TU/TimesNewRoman(0)/m/n/7.52812 (3.2)| 
 []


Overfull \hbox (2.46378pt too wide) in paragraph at lines 602--602
[]|\TU/TimesNewRoman(0)/m/n/7.52812 (1.2)| 
 []


Overfull \hbox (1.21399pt too wide) in paragraph at lines 602--602
[]|\TU/TimesNewRoman(0)/m/n/7.52812 17.9| 
 []


Overfull \hbox (1.21399pt too wide) in paragraph at lines 602--602
[]|\TU/TimesNewRoman(0)/m/n/7.52812 37.5| 
 []


Overfull \hbox (1.21399pt too wide) in paragraph at lines 602--602
[]|\TU/TimesNewRoman(0)/m/n/7.52812 71.2| 
 []


Overfull \hbox (1.21399pt too wide) in paragraph at lines 602--602
[]|\TU/TimesNewRoman(0)/m/n/7.52812 73.8| 
 []


Overfull \hbox (1.21399pt too wide) in paragraph at lines 602--602
[]|\TU/TimesNewRoman(0)/m/n/7.52812 78.8| 
 []


Overfull \hbox (1.21399pt too wide) in paragraph at lines 602--602
[]|\TU/TimesNewRoman(0)/m/n/7.52812 17.8| 
 []


Overfull \hbox (1.21399pt too wide) in paragraph at lines 602--602
[]|\TU/TimesNewRoman(0)/m/n/7.52812 18.2| 
 []


Overfull \hbox (1.21399pt too wide) in paragraph at lines 602--602
[]|\TU/TimesNewRoman(0)/m/n/7.52812 77.5| 
 []


Overfull \hbox (1.21399pt too wide) in paragraph at lines 602--602
[]|\TU/TimesNewRoman(0)/m/n/7.52812 33.3| 
 []


Overfull \hbox (1.21399pt too wide) in paragraph at lines 602--602
[]|\TU/TimesNewRoman(0)/m/n/7.52812 13.5| 
 []


Overfull \hbox (1.21399pt too wide) in paragraph at lines 602--602
[]|\TU/TimesNewRoman(0)/m/n/7.52812 18.3| 
 []


Overfull \hbox (1.21399pt too wide) in paragraph at lines 602--602
[]|\TU/TimesNewRoman(0)/m/n/7.52812 12.5| 
 []


Overfull \hbox (1.21399pt too wide) in paragraph at lines 602--602
[]|\TU/TimesNewRoman(0)/m/n/7.52812 72.3| 
 []


Overfull \hbox (1.21399pt too wide) in paragraph at lines 602--602
[]|\TU/TimesNewRoman(0)/m/n/7.52812 31.3| 
 []


Overfull \hbox (2.46378pt too wide) in paragraph at lines 602--602
[]|\TU/TimesNewRoman(0)/m/n/7.52812 (3.3)| 
 []


Overfull \hbox (2.46378pt too wide) in paragraph at lines 602--602
[]|\TU/TimesNewRoman(0)/m/n/7.52812 (7.5)| 
 []


Overfull \hbox (2.46378pt too wide) in paragraph at lines 602--602
[]|\TU/TimesNewRoman(0)/m/n/7.52812 (1.1)| 
 []


Overfull \hbox (2.46378pt too wide) in paragraph at lines 602--602
[]|\TU/TimesNewRoman(0)/m/n/7.52812 (3.3)| 
 []


Overfull \hbox (2.46378pt too wide) in paragraph at lines 602--602
[]|\TU/TimesNewRoman(0)/m/n/7.52812 (1.3)| 
 []


Overfull \hbox (2.46378pt too wide) in paragraph at lines 602--602
[]|\TU/TimesNewRoman(0)/m/n/7.52812 (3.5)| 
 []


Overfull \hbox (2.46378pt too wide) in paragraph at lines 602--602
[]|\TU/TimesNewRoman(0)/m/n/7.52812 (5.3)| 
 []


Overfull \hbox (2.46378pt too wide) in paragraph at lines 602--602
[]|\TU/TimesNewRoman(0)/m/n/7.52812 (1.1)| 
 []


Overfull \hbox (2.46378pt too wide) in paragraph at lines 602--602
[]|\TU/TimesNewRoman(0)/m/n/7.52812 (3.1)| 
 []


Overfull \hbox (2.46378pt too wide) in paragraph at lines 602--602
[]|\TU/TimesNewRoman(0)/m/n/7.52812 (1.7)| 
 []


Overfull \hbox (2.46378pt too wide) in paragraph at lines 602--602
[]|\TU/TimesNewRoman(0)/m/n/7.52812 (3.2)| 
 []


Overfull \hbox (2.46378pt too wide) in paragraph at lines 602--602
[]|\TU/TimesNewRoman(0)/m/n/7.52812 (1.2)| 
 []


Overfull \hbox (1.21399pt too wide) in paragraph at lines 602--602
[]|\TU/TimesNewRoman(0)/m/n/7.52812 17.9| 
 []

[9] (./code/GA.m
LaTeX Font Info:    Font shape `TU/lmtt/bx/n' in size <12.05> not available
(Font)              Font shape `TU/lmtt/b/n' tried instead on input line 2.


LaTeX Font Warning: Font shape `TU/FangSong(0)/b/n' undefined
(Font)              using `TU/FangSong(0)/m/n' instead on input line 2.

) [10]
Package atveryend Info: Empty hook `BeforeClearDocument' on input line 619.
Package atveryend Info: Empty hook `AfterLastShipout' on input line 619.
 (./example.aux)
Package atveryend Info: Empty hook `AtVeryEndDocument' on input line 619.
Package atveryend Info: Executing hook `AtEndAfterFileList' on input line 619.
Package rerunfilecheck Info: File `example.out' has not changed.
(rerunfilecheck)             Checksum: EFDB6722584BBE82F4C7A584CCDBE420;1774.


LaTeX Font Warning: Some font shapes were not available, defaults substituted.


LaTeX Warning: There were multiply-defined labels.

 )
(\end occurred inside a group at level 1)

### simple group (level 1) entered at line 119 ({)
### bottom level 
Here is how much of TeX's memory you used:
 32698 strings out of 479418
 655283 string characters out of 5888105
 967637 words of memory out of 5000000
 49493 multiletter control sequences out of 15000+600000
 563772 words of font info for 222 fonts, out of 8000000 for 9000
 1348 hyphenation exceptions out of 8191
 64i,16n,86p,811b,1422s stack positions out of 5000i,500n,10000p,200000b,80000s

Output written on example.pdf (19 pages).
